Build started 08.12.2017 14:27:01.
     1>Project "C:\Users\User\Documents\Visual Studio 2013\Projects\Profiles\Profiles.vcxproj" on node 2 (Build target(s)).
     1>ClCompile:
         C:\Program Files (x86)\Microsoft Visual Studio 12.0\VC\bin\CL.exe /c /ZI /nologo /W3 /WX- /Od /Oy- /D WIN32 /D _DEBUG /D _CONSOLE /D _UNICODE /D UNICODE /Gm /EHsc /RTC1 /MDd /GS /fp:precise /Zc:wchar_t /Zc:forScope /Fo"Debug\\" /Fd"Debug\vc120.pdb" /Gd /TP /analyze- /errorReport:prompt bmp_lib.cpp profiles.cpp
         bmp_lib.cpp
     1>c:\users\user\documents\visual studio 2013\projects\profiles\bmp_lib.cpp(9): warning C4996: 'fopen': This function or variable may be unsafe. Consider using fopen_s instead. To disable deprecation, use _CRT_SECURE_NO_WARNINGS. See online help for details.
                 c:\program files (x86)\microsoft visual studio 12.0\vc\include\stdio.h(211) : see declaration of 'fopen'
         Generating Code...
         Compiling...
         profiles.cpp
     1>c:\users\user\documents\visual studio 2013\projects\profiles\profiles.cpp(15): warning C4996: 'fopen': This function or variable may be unsafe. Consider using fopen_s instead. To disable deprecation, use _CRT_SECURE_NO_WARNINGS. See online help for details.
                 c:\program files (x86)\microsoft visual studio 12.0\vc\include\stdio.h(211) : see declaration of 'fopen'
     1>c:\users\user\documents\visual studio 2013\projects\profiles\profiles.cpp(41): warning C4244: '=' : conversion from 'double' to 'int', possible loss of data
     1>c:\users\user\documents\visual studio 2013\projects\profiles\profiles.cpp(42): warning C4244: '=' : conversion from 'double' to 'int', possible loss of data
     1>c:\users\user\documents\visual studio 2013\projects\profiles\profiles.cpp(91): warning C4244: 'initializing' : conversion from 'double' to 'int', possible loss of data
     1>c:\users\user\documents\visual studio 2013\projects\profiles\profiles.cpp(115): warning C4244: 'initializing' : conversion from 'double' to 'int', possible loss of data
     1>c:\users\user\documents\visual studio 2013\projects\profiles\profiles.cpp(138): warning C4996: 'fopen': This function or variable may be unsafe. Consider using fopen_s instead. To disable deprecation, use _CRT_SECURE_NO_WARNINGS. See online help for details.
                 c:\program files (x86)\microsoft visual studio 12.0\vc\include\stdio.h(211) : see declaration of 'fopen'
     1>c:\users\user\documents\visual studio 2013\projects\profiles\profiles.cpp(179): warning C4996: 'fopen': This function or variable may be unsafe. Consider using fopen_s instead. To disable deprecation, use _CRT_SECURE_NO_WARNINGS. See online help for details.
                 c:\program files (x86)\microsoft visual studio 12.0\vc\include\stdio.h(211) : see declaration of 'fopen'
     1>c:\users\user\documents\visual studio 2013\projects\profiles\profiles.cpp(190): warning C4244: 'initializing' : conversion from 'double' to 'int', possible loss of data
     1>c:\users\user\documents\visual studio 2013\projects\profiles\profiles.cpp(191): warning C4244: 'initializing' : conversion from 'double' to 'int', possible loss of data
         Generating Code...
       Link:
         C:\Program Files (x86)\Microsoft Visual Studio 12.0\VC\bin\link.exe /ERRORREPORT:PROMPT /OUT:"C:\Users\User\Documents\Visual Studio 2013\Projects\Profiles\Debug\Profiles.exe" /INCREMENTAL /NOLOGO kernel32.lib user32.lib gdi32.lib winspool.lib comdlg32.lib advapi32.lib shell32.lib ole32.lib oleaut32.lib uuid.lib odbc32.lib odbccp32.lib /MANIFEST /MANIFESTUAC:"level='asInvoker' uiAccess='false'" /manifest:embed /DEBUG /PDB:"C:\Users\User\Documents\Visual Studio 2013\Projects\Profiles\Debug\Profiles.pdb" /SUBSYSTEM:CONSOLE /TLBID:1 /DYNAMICBASE /NXCOMPAT /IMPLIB:"C:\Users\User\Documents\Visual Studio 2013\Projects\Profiles\Debug\Profiles.lib" /MACHINE:X86 Debug\bmp_io.obj
         Debug\bmp_lib.obj
         Debug\profiles.obj
         Profiles.vcxproj -> C:\Users\User\Documents\Visual Studio 2013\Projects\Profiles\Debug\Profiles.exe
     1>Done Building Project "C:\Users\User\Documents\Visual Studio 2013\Projects\Profiles\Profiles.vcxproj" (Build target(s)).

Build succeeded.

Time Elapsed 00:00:01.08
