c:\users\user\documents\visual studio 2012\projects\profiles\debug\bmp_io.obj
c:\users\user\documents\visual studio 2012\projects\profiles\debug\vc110.pdb
c:\users\user\documents\visual studio 2012\projects\profiles\debug\profiles.obj
c:\users\user\documents\visual studio 2013\projects\profiles\debug\vc120.pdb
c:\users\user\documents\visual studio 2013\projects\profiles\debug\vc120.idb
c:\users\user\documents\visual studio 2013\projects\profiles\debug\bmp_io.obj
c:\users\user\documents\visual studio 2013\projects\profiles\debug\profiles.obj
c:\users\user\documents\visual studio 2013\projects\profiles\debug\bmp_lib.obj
c:\users\user\documents\visual studio 2013\projects\profiles\debug\profiles.ilk
c:\users\user\documents\visual studio 2013\projects\profiles\debug\profiles.exe
c:\users\user\documents\visual studio 2013\projects\profiles\debug\profiles.pdb
c:\users\user\documents\visual studio 2013\projects\profiles\debug\cl.command.1.tlog
c:\users\user\documents\visual studio 2013\projects\profiles\debug\cl.read.1.tlog
c:\users\user\documents\visual studio 2013\projects\profiles\debug\cl.write.1.tlog
c:\users\user\documents\visual studio 2013\projects\profiles\debug\link-cvtres.read.1.tlog
c:\users\user\documents\visual studio 2013\projects\profiles\debug\link-cvtres.write.1.tlog
c:\users\user\documents\visual studio 2013\projects\profiles\debug\link-rc.read.1.tlog
c:\users\user\documents\visual studio 2013\projects\profiles\debug\link-rc.write.1.tlog
c:\users\user\documents\visual studio 2013\projects\profiles\debug\link.9064-cvtres.read.1.tlog
c:\users\user\documents\visual studio 2013\projects\profiles\debug\link.9064-cvtres.write.1.tlog
c:\users\user\documents\visual studio 2013\projects\profiles\debug\link.9064-rc.read.1.tlog
c:\users\user\documents\visual studio 2013\projects\profiles\debug\link.9064-rc.write.1.tlog
c:\users\user\documents\visual studio 2013\projects\profiles\debug\link.9064.read.1.tlog
c:\users\user\documents\visual studio 2013\projects\profiles\debug\link.9064.write.1.tlog
c:\users\user\documents\visual studio 2013\projects\profiles\debug\link.command.1.tlog
c:\users\user\documents\visual studio 2013\projects\profiles\debug\link.read.1.tlog
c:\users\user\documents\visual studio 2013\projects\profiles\debug\link.write.1.tlog
c:\users\user\documents\visual studio 2013\projects\profiles\debug\vc110.idb
c:\users\user\documents\visual studio 2013\projects\profiles\debug\vc110.pdb
c:\users\user\documents\visual studio 2013\projects\profiles\debug\profiles.tlog\cl.command.1.tlog
c:\users\user\documents\visual studio 2013\projects\profiles\debug\profiles.tlog\cl.read.1.tlog
c:\users\user\documents\visual studio 2013\projects\profiles\debug\profiles.tlog\cl.write.1.tlog
c:\users\user\documents\visual studio 2013\projects\profiles\debug\profiles.tlog\link.command.1.tlog
c:\users\user\documents\visual studio 2013\projects\profiles\debug\profiles.tlog\link.read.1.tlog
c:\users\user\documents\visual studio 2013\projects\profiles\debug\profiles.tlog\link.write.1.tlog
